0 info it worked if it ends with ok
1 verbose cli [ '/usr/local/Cellar/node/0.10.21/bin/node',
1 verbose cli   '/usr/local/bin/npm',
1 verbose cli   'install',
1 verbose cli   '-g',
1 verbose cli   'blower' ]
2 info using npm@1.3.11
3 info using node@v0.10.21
4 verbose cache add [ 'blower', null ]
5 verbose cache add name=undefined spec="blower" args=["blower",null]
6 verbose parsed url { protocol: null,
6 verbose parsed url   slashes: null,
6 verbose parsed url   auth: null,
6 verbose parsed url   host: null,
6 verbose parsed url   port: null,
6 verbose parsed url   hostname: null,
6 verbose parsed url   hash: null,
6 verbose parsed url   search: null,
6 verbose parsed url   query: null,
6 verbose parsed url   pathname: 'blower',
6 verbose parsed url   path: 'blower',
6 verbose parsed url   href: 'blower' }
7 silly lockFile 521b0a41-blower blower
8 verbose lock blower /Users/benjamingross/.npm/521b0a41-blower.lock
9 silly lockFile 521b0a41-blower blower
10 silly lockFile 521b0a41-blower blower
11 verbose addNamed [ 'blower', '' ]
12 verbose addNamed [ null, '*' ]
13 silly lockFile 71b72c12-blower blower@
14 verbose lock blower@ /Users/benjamingross/.npm/71b72c12-blower.lock
15 silly addNameRange { name: 'blower', range: '*', hasData: false }
16 verbose url raw blower
17 verbose url resolving [ 'https://registry.npmjs.org/', './blower' ]
18 verbose url resolved https://registry.npmjs.org/blower
19 info trying registry request attempt 1 at 15:39:03
20 http GET https://registry.npmjs.org/blower
21 http 404 https://registry.npmjs.org/blower
22 silly registry.get cb [ 404,
22 silly registry.get   { server: 'CouchDB/1.3.1 (Erlang OTP/R15B03)',
22 silly registry.get     date: 'Sat, 26 Oct 2013 19:39:04 GMT',
22 silly registry.get     'content-type': 'application/json',
22 silly registry.get     'content-length': '52',
22 silly registry.get     'cache-control': 'must-revalidate' } ]
23 silly lockFile 71b72c12-blower blower@
24 silly lockFile 71b72c12-blower blower@
25 error 404 'blower' is not in the npm registry.
25 error 404 You should bug the author to publish it
25 error 404
25 error 404 Note that you can also install from a
25 error 404 tarball, folder, or http url, or git url.
26 error System Darwin 13.0.0
27 error command "/usr/local/Cellar/node/0.10.21/bin/node" "/usr/local/bin/npm" "install" "-g" "blower"
28 error cwd /Users/benjamingross/Dropbox/Dev/html/benjaminmgross
29 error node -v v0.10.21
30 error npm -v 1.3.11
31 error code E404
32 verbose exit [ 1, true ]
